<?xml version="1.0" encoding="UTF-8"?>
<testsuite xmlns:xsi="http://www.w3.org/2001/XMLSchema-instance" xsi:noNamespaceSchemaLocation="https://maven.apache.org/surefire/maven-surefire-plugin/xsd/surefire-test-report-3.0.xsd" version="3.0" name="cz.muni.fi.pb162.hw03.StringTemplateTest" time="0.026" tests="9" errors="0" skipped="0" failures="0">
  <properties>
[...]
</properties>
  <testcase name="shouldEvaluatePrint" classname="cz.muni.fi.pb162.hw03.StringTemplateTest" time="0.002"/>
  <testcase name="shouldFailToEvaluateMissingTemplate" classname="cz.muni.fi.pb162.hw03.StringTemplateTest" time="0.002"/>
  <testcase name="shouldListTemplatesLoadedFromString" classname="cz.muni.fi.pb162.hw03.StringTemplateTest" time="0.001"/>
  <testcase name="shouldEvaluateIf" classname="cz.muni.fi.pb162.hw03.StringTemplateTest" time="0.002"/>
  <testcase name="shouldOverrideTemplate" classname="cz.muni.fi.pb162.hw03.StringTemplateTest" time="0.003"/>
  <testcase name="shouldFailToLoadMalformedTemplate" classname="cz.muni.fi.pb162.hw03.StringTemplateTest" time="0.003"/>
  <testcase name="shouldEvaluatedComplexTemplate" classname="cz.muni.fi.pb162.hw03.StringTemplateTest" time="0.001"/>
  <testcase name="shouldEvaluateFor" classname="cz.muni.fi.pb162.hw03.StringTemplateTest" time="0.001"/>
  <testcase name="shouldEvaluateNestedCondition" classname="cz.muni.fi.pb162.hw03.StringTemplateTest" time="0"/>
</testsuite>